Start testing: Sep 22 15:00 EDT
----------------------------------------------------------
1/10 Testing: VelocityVector Constructors: from_cartesian_components
1/10 Test: VelocityVector Constructors: from_cartesian_components
Command: "/Users/samba/Documents/minisim/build/Aerobody/aerobody_tests" "VelocityVector Constructors: from_cartesian_components"
Directory: /Users/samba/Documents/minisim/build/Aerobody
"VelocityVector Constructors: from_cartesian_components" start time: Sep 22 15:00 EDT
Output:
----------------------------------------------------------
Filters: "VelocityVector Constructors: from_cartesian_components"
Randomness seeded to: 1466222199
===============================================================================
All tests passed (44 assertions in 1 test case)

<end of output>
Test time =   0.01 sec
----------------------------------------------------------
Test Passed.
"VelocityVector Constructors: from_cartesian_components" end time: Sep 22 15:00 EDT
"VelocityVector Constructors: from_cartesian_components" time elapsed: 00:00:00
----------------------------------------------------------

2/10 Testing: VelocityVector Constructors: from_polar_components
2/10 Test: VelocityVector Constructors: from_polar_components
Command: "/Users/samba/Documents/minisim/build/Aerobody/aerobody_tests" "VelocityVector Constructors: from_polar_components"
Directory: /Users/samba/Documents/minisim/build/Aerobody
"VelocityVector Constructors: from_polar_components" start time: Sep 22 15:00 EDT
Output:
----------------------------------------------------------
Filters: "VelocityVector Constructors: from_polar_components"
Randomness seeded to: 1471024270
===============================================================================
All tests passed (44 assertions in 1 test case)

<end of output>
Test time =   0.00 sec
----------------------------------------------------------
Test Passed.
"VelocityVector Constructors: from_polar_components" end time: Sep 22 15:00 EDT
"VelocityVector Constructors: from_polar_components" time elapsed: 00:00:00
----------------------------------------------------------

3/10 Testing: VelocityVector Utilities: get_magnitude
3/10 Test: VelocityVector Utilities: get_magnitude
Command: "/Users/samba/Documents/minisim/build/Aerobody/aerobody_tests" "VelocityVector Utilities: get_magnitude"
Directory: /Users/samba/Documents/minisim/build/Aerobody
"VelocityVector Utilities: get_magnitude" start time: Sep 22 15:00 EDT
Output:
----------------------------------------------------------
Filters: "VelocityVector Utilities: get_magnitude"
Randomness seeded to: 2037131050
===============================================================================
All tests passed (55 assertions in 1 test case)

<end of output>
Test time =   0.01 sec
----------------------------------------------------------
Test Passed.
"VelocityVector Utilities: get_magnitude" end time: Sep 22 15:00 EDT
"VelocityVector Utilities: get_magnitude" time elapsed: 00:00:00
----------------------------------------------------------

4/10 Testing: VelocityVector Utilities: get_heading
4/10 Test: VelocityVector Utilities: get_heading
Command: "/Users/samba/Documents/minisim/build/Aerobody/aerobody_tests" "VelocityVector Utilities: get_heading"
Directory: /Users/samba/Documents/minisim/build/Aerobody
"VelocityVector Utilities: get_heading" start time: Sep 22 15:00 EDT
Output:
----------------------------------------------------------
Filters: "VelocityVector Utilities: get_heading"
Randomness seeded to: 3429468193
===============================================================================
All tests passed (50 assertions in 1 test case)

<end of output>
Test time =   0.01 sec
----------------------------------------------------------
Test Passed.
"VelocityVector Utilities: get_heading" end time: Sep 22 15:00 EDT
"VelocityVector Utilities: get_heading" time elapsed: 00:00:00
----------------------------------------------------------

5/10 Testing: VelocityVector Utilities: angle_between
5/10 Test: VelocityVector Utilities: angle_between
Command: "/Users/samba/Documents/minisim/build/Aerobody/aerobody_tests" "VelocityVector Utilities: angle_between"
Directory: /Users/samba/Documents/minisim/build/Aerobody
"VelocityVector Utilities: angle_between" start time: Sep 22 15:00 EDT
Output:
----------------------------------------------------------
Filters: "VelocityVector Utilities: angle_between"
Randomness seeded to: 450293447
===============================================================================
All tests passed (108 assertions in 1 test case)

<end of output>
Test time =   0.01 sec
----------------------------------------------------------
Test Passed.
"VelocityVector Utilities: angle_between" end time: Sep 22 15:00 EDT
"VelocityVector Utilities: angle_between" time elapsed: 00:00:00
----------------------------------------------------------

6/10 Testing: Aerobody: get_wind
6/10 Test: Aerobody: get_wind
Command: "/Users/samba/Documents/minisim/build/Aerobody/aerobody_tests" "Aerobody: get_wind"
Directory: /Users/samba/Documents/minisim/build/Aerobody
"Aerobody: get_wind" start time: Sep 22 15:00 EDT
Output:
----------------------------------------------------------
Filters: "Aerobody: get_wind"
Randomness seeded to: 922553774
===============================================================================
All tests passed (109 assertions in 1 test case)

<end of output>
Test time =   0.01 sec
----------------------------------------------------------
Test Passed.
"Aerobody: get_wind" end time: Sep 22 15:00 EDT
"Aerobody: get_wind" time elapsed: 00:00:00
----------------------------------------------------------

7/10 Testing: Aerobody: aerodynamic_drag
7/10 Test: Aerobody: aerodynamic_drag
Command: "/Users/samba/Documents/minisim/build/Aerobody/aerobody_tests" "Aerobody: aerodynamic_drag"
Directory: /Users/samba/Documents/minisim/build/Aerobody
"Aerobody: aerodynamic_drag" start time: Sep 22 15:00 EDT
Output:
----------------------------------------------------------
Filters: "Aerobody: aerodynamic_drag"
Randomness seeded to: 848490869
===============================================================================
All tests passed (104 assertions in 1 test case)

<end of output>
Test time =   0.01 sec
----------------------------------------------------------
Test Passed.
"Aerobody: aerodynamic_drag" end time: Sep 22 15:00 EDT
"Aerobody: aerodynamic_drag" time elapsed: 00:00:00
----------------------------------------------------------

8/10 Testing: Array: power_in
8/10 Test: Array: power_in
Command: "/Users/samba/Documents/minisim/build/Array/array_tests" "Array: power_in"
Directory: /Users/samba/Documents/minisim/build/Array
"Array: power_in" start time: Sep 22 15:00 EDT
Output:
----------------------------------------------------------
Filters: "Array: power_in"
Randomness seeded to: 767263447
===============================================================================
All tests passed (112 assertions in 1 test case)

<end of output>
Test time =   0.02 sec
----------------------------------------------------------
Test Passed.
"Array: power_in" end time: Sep 22 15:00 EDT
"Array: power_in" time elapsed: 00:00:00
----------------------------------------------------------

9/10 Testing: Tire: rolling_resistance
9/10 Test: Tire: rolling_resistance
Command: "/Users/samba/Documents/minisim/build/Tire/tire_tests" "Tire: rolling_resistance"
Directory: /Users/samba/Documents/minisim/build/Tire
"Tire: rolling_resistance" start time: Sep 22 15:00 EDT
Output:
----------------------------------------------------------
Filters: "Tire: rolling_resistance"
Randomness seeded to: 14341734
===============================================================================
All tests passed (500 assertions in 1 test case)

<end of output>
Test time =   0.88 sec
----------------------------------------------------------
Test Passed.
"Tire: rolling_resistance" end time: Sep 22 15:00 EDT
"Tire: rolling_resistance" time elapsed: 00:00:00
----------------------------------------------------------

10/10 Testing: Motor: power_consumed
10/10 Test: Motor: power_consumed
Command: "/Users/samba/Documents/minisim/build/Motor/motor_tests" "Motor: power_consumed"
Directory: /Users/samba/Documents/minisim/build/Motor
"Motor: power_consumed" start time: Sep 22 15:00 EDT
Output:
----------------------------------------------------------
Filters: "Motor: power_consumed"
Randomness seeded to: 2146014303
===============================================================================
All tests passed (500 assertions in 1 test case)

<end of output>
Test time =   0.88 sec
----------------------------------------------------------
Test Passed.
"Motor: power_consumed" end time: Sep 22 15:00 EDT
"Motor: power_consumed" time elapsed: 00:00:00
----------------------------------------------------------

End testing: Sep 22 15:00 EDT
