Start testing: Sep 29 12:38 EDT
----------------------------------------------------------
1/14 Testing: VelocityVector Constructors: from_cartesian_components
1/14 Test: VelocityVector Constructors: from_cartesian_components
Command: "/Users/samba/Documents/minisim/build/Aerobody/aerobody_tests" "VelocityVector Constructors: from_cartesian_components"
Directory: /Users/samba/Documents/minisim/build/Aerobody
"VelocityVector Constructors: from_cartesian_components" start time: Sep 29 12:38 EDT
Output:
----------------------------------------------------------
Filters: "VelocityVector Constructors: from_cartesian_components"
Randomness seeded to: 2396928216
===============================================================================
All tests passed (44 assertions in 1 test case)

<end of output>
Test time =   0.01 sec
----------------------------------------------------------
Test Passed.
"VelocityVector Constructors: from_cartesian_components" end time: Sep 29 12:38 EDT
"VelocityVector Constructors: from_cartesian_components" time elapsed: 00:00:00
----------------------------------------------------------

2/14 Testing: VelocityVector Constructors: from_polar_components
2/14 Test: VelocityVector Constructors: from_polar_components
Command: "/Users/samba/Documents/minisim/build/Aerobody/aerobody_tests" "VelocityVector Constructors: from_polar_components"
Directory: /Users/samba/Documents/minisim/build/Aerobody
"VelocityVector Constructors: from_polar_components" start time: Sep 29 12:38 EDT
Output:
----------------------------------------------------------
Filters: "VelocityVector Constructors: from_polar_components"
Randomness seeded to: 550585998
===============================================================================
All tests passed (44 assertions in 1 test case)

<end of output>
Test time =   0.00 sec
----------------------------------------------------------
Test Passed.
"VelocityVector Constructors: from_polar_components" end time: Sep 29 12:38 EDT
"VelocityVector Constructors: from_polar_components" time elapsed: 00:00:00
----------------------------------------------------------

3/14 Testing: VelocityVector Utilities: get_magnitude
3/14 Test: VelocityVector Utilities: get_magnitude
Command: "/Users/samba/Documents/minisim/build/Aerobody/aerobody_tests" "VelocityVector Utilities: get_magnitude"
Directory: /Users/samba/Documents/minisim/build/Aerobody
"VelocityVector Utilities: get_magnitude" start time: Sep 29 12:38 EDT
Output:
----------------------------------------------------------
Filters: "VelocityVector Utilities: get_magnitude"
Randomness seeded to: 2909348815
===============================================================================
All tests passed (55 assertions in 1 test case)

<end of output>
Test time =   0.01 sec
----------------------------------------------------------
Test Passed.
"VelocityVector Utilities: get_magnitude" end time: Sep 29 12:38 EDT
"VelocityVector Utilities: get_magnitude" time elapsed: 00:00:00
----------------------------------------------------------

4/14 Testing: VelocityVector Utilities: get_heading
4/14 Test: VelocityVector Utilities: get_heading
Command: "/Users/samba/Documents/minisim/build/Aerobody/aerobody_tests" "VelocityVector Utilities: get_heading"
Directory: /Users/samba/Documents/minisim/build/Aerobody
"VelocityVector Utilities: get_heading" start time: Sep 29 12:38 EDT
Output:
----------------------------------------------------------
Filters: "VelocityVector Utilities: get_heading"
Randomness seeded to: 2700191487
===============================================================================
All tests passed (50 assertions in 1 test case)

<end of output>
Test time =   0.01 sec
----------------------------------------------------------
Test Passed.
"VelocityVector Utilities: get_heading" end time: Sep 29 12:38 EDT
"VelocityVector Utilities: get_heading" time elapsed: 00:00:00
----------------------------------------------------------

5/14 Testing: VelocityVector Utilities: angle_between
5/14 Test: VelocityVector Utilities: angle_between
Command: "/Users/samba/Documents/minisim/build/Aerobody/aerobody_tests" "VelocityVector Utilities: angle_between"
Directory: /Users/samba/Documents/minisim/build/Aerobody
"VelocityVector Utilities: angle_between" start time: Sep 29 12:38 EDT
Output:
----------------------------------------------------------
Filters: "VelocityVector Utilities: angle_between"
Randomness seeded to: 1126575549
===============================================================================
All tests passed (108 assertions in 1 test case)

<end of output>
Test time =   0.01 sec
----------------------------------------------------------
Test Passed.
"VelocityVector Utilities: angle_between" end time: Sep 29 12:38 EDT
"VelocityVector Utilities: angle_between" time elapsed: 00:00:00
----------------------------------------------------------

6/14 Testing: Aerobody: get_wind
6/14 Test: Aerobody: get_wind
Command: "/Users/samba/Documents/minisim/build/Aerobody/aerobody_tests" "Aerobody: get_wind"
Directory: /Users/samba/Documents/minisim/build/Aerobody
"Aerobody: get_wind" start time: Sep 29 12:38 EDT
Output:
----------------------------------------------------------
Filters: "Aerobody: get_wind"
Randomness seeded to: 1829187049
===============================================================================
All tests passed (109 assertions in 1 test case)

<end of output>
Test time =   0.01 sec
----------------------------------------------------------
Test Passed.
"Aerobody: get_wind" end time: Sep 29 12:38 EDT
"Aerobody: get_wind" time elapsed: 00:00:00
----------------------------------------------------------

7/14 Testing: Aerobody: aerodynamic_drag
7/14 Test: Aerobody: aerodynamic_drag
Command: "/Users/samba/Documents/minisim/build/Aerobody/aerobody_tests" "Aerobody: aerodynamic_drag"
Directory: /Users/samba/Documents/minisim/build/Aerobody
"Aerobody: aerodynamic_drag" start time: Sep 29 12:38 EDT
Output:
----------------------------------------------------------
Filters: "Aerobody: aerodynamic_drag"
Randomness seeded to: 4054827181
===============================================================================
All tests passed (104 assertions in 1 test case)

<end of output>
Test time =   0.01 sec
----------------------------------------------------------
Test Passed.
"Aerobody: aerodynamic_drag" end time: Sep 29 12:38 EDT
"Aerobody: aerodynamic_drag" time elapsed: 00:00:00
----------------------------------------------------------

8/14 Testing: Array: power_in
8/14 Test: Array: power_in
Command: "/Users/samba/Documents/minisim/build/Array/array_tests" "Array: power_in"
Directory: /Users/samba/Documents/minisim/build/Array
"Array: power_in" start time: Sep 29 12:38 EDT
Output:
----------------------------------------------------------
Filters: "Array: power_in"
Randomness seeded to: 4288814368
===============================================================================
All tests passed (112 assertions in 1 test case)

<end of output>
Test time =   0.02 sec
----------------------------------------------------------
Test Passed.
"Array: power_in" end time: Sep 29 12:38 EDT
"Array: power_in" time elapsed: 00:00:00
----------------------------------------------------------

9/14 Testing: Tire: rolling_resistance
9/14 Test: Tire: rolling_resistance
Command: "/Users/samba/Documents/minisim/build/Tire/tire_tests" "Tire: rolling_resistance"
Directory: /Users/samba/Documents/minisim/build/Tire
"Tire: rolling_resistance" start time: Sep 29 12:38 EDT
Output:
----------------------------------------------------------
Filters: "Tire: rolling_resistance"
Randomness seeded to: 1207892350
===============================================================================
All tests passed (500 assertions in 1 test case)

<end of output>
Test time =   0.88 sec
----------------------------------------------------------
Test Passed.
"Tire: rolling_resistance" end time: Sep 29 12:38 EDT
"Tire: rolling_resistance" time elapsed: 00:00:00
----------------------------------------------------------

10/14 Testing: Motor: power_consumed
10/14 Test: Motor: power_consumed
Command: "/Users/samba/Documents/minisim/build/Motor/motor_tests" "Motor: power_consumed"
Directory: /Users/samba/Documents/minisim/build/Motor
"Motor: power_consumed" start time: Sep 29 12:38 EDT
Output:
----------------------------------------------------------
Filters: "Motor: power_consumed"
Randomness seeded to: 736446325
===============================================================================
All tests passed (500 assertions in 1 test case)

<end of output>
Test time =   0.88 sec
----------------------------------------------------------
Test Passed.
"Motor: power_consumed" end time: Sep 29 12:38 EDT
"Motor: power_consumed" time elapsed: 00:00:00
----------------------------------------------------------

11/14 Testing: BatteryState: update_energy_remaining
11/14 Test: BatteryState: update_energy_remaining
Command: "/Users/samba/Documents/minisim/build/Battery/battery_tests" "BatteryState: update_energy_remaining"
Directory: /Users/samba/Documents/minisim/build/Battery
"BatteryState: update_energy_remaining" start time: Sep 29 12:38 EDT
Output:
----------------------------------------------------------
Filters: "BatteryState: update_energy_remaining"
Randomness seeded to: 3146202108
===============================================================================
All tests passed (104 assertions in 1 test case)

<end of output>
Test time =   0.01 sec
----------------------------------------------------------
Test Passed.
"BatteryState: update_energy_remaining" end time: Sep 29 12:38 EDT
"BatteryState: update_energy_remaining" time elapsed: 00:00:00
----------------------------------------------------------

12/14 Testing: Battery: state_of_charge
12/14 Test: Battery: state_of_charge
Command: "/Users/samba/Documents/minisim/build/Battery/battery_tests" "Battery: state_of_charge"
Directory: /Users/samba/Documents/minisim/build/Battery
"Battery: state_of_charge" start time: Sep 29 12:38 EDT
Output:
----------------------------------------------------------
Filters: "Battery: state_of_charge"
Randomness seeded to: 1015621823
===============================================================================
All tests passed (57 assertions in 1 test case)

<end of output>
Test time =   0.01 sec
----------------------------------------------------------
Test Passed.
"Battery: state_of_charge" end time: Sep 29 12:38 EDT
"Battery: state_of_charge" time elapsed: 00:00:00
----------------------------------------------------------

13/14 Testing: Battery: current_voltage
13/14 Test: Battery: current_voltage
Command: "/Users/samba/Documents/minisim/build/Battery/battery_tests" "Battery: current_voltage"
Directory: /Users/samba/Documents/minisim/build/Battery
"Battery: current_voltage" start time: Sep 29 12:38 EDT
Output:
----------------------------------------------------------
Filters: "Battery: current_voltage"
Randomness seeded to: 966337876
===============================================================================
All tests passed (58 assertions in 1 test case)

<end of output>
Test time =   0.01 sec
----------------------------------------------------------
Test Passed.
"Battery: current_voltage" end time: Sep 29 12:38 EDT
"Battery: current_voltage" time elapsed: 00:00:00
----------------------------------------------------------

14/14 Testing: Battery: power_loss
14/14 Test: Battery: power_loss
Command: "/Users/samba/Documents/minisim/build/Battery/battery_tests" "Battery: power_loss"
Directory: /Users/samba/Documents/minisim/build/Battery
"Battery: power_loss" start time: Sep 29 12:38 EDT
Output:
----------------------------------------------------------
Filters: "Battery: power_loss"
Randomness seeded to: 1561681901
===============================================================================
All tests passed (197 assertions in 1 test case)

<end of output>
Test time =   0.01 sec
----------------------------------------------------------
Test Passed.
"Battery: power_loss" end time: Sep 29 12:38 EDT
"Battery: power_loss" time elapsed: 00:00:00
----------------------------------------------------------

End testing: Sep 29 12:38 EDT
